<?xml version="1.0" encoding="UTF-8"?>
<testng-results ignored="0" total="1" passed="1" failed="0" skipped="0">
  <reporter-output>
  </reporter-output>
  <suite started-at="2023-08-03T20:08:37 IST" name="Default suite" finished-at="2023-08-03T20:08:37 IST" duration-ms="106">
    <groups>
    </groups>
    <test started-at="2023-08-03T20:08:37 IST" name="Default test" finished-at="2023-08-03T20:08:37 IST" duration-ms="106">
      <class name="demogit.Demo">
        <test-method signature="show()[pri:0, instance:demogit.Demo@35ef1869]" started-at="2023-08-03T20:08:37 IST" name="show" finished-at="2023-08-03T20:08:37 IST" duration-ms="23" status="PASS">
          <reporter-output>
          </reporter-output>
        </test-method> <!-- show -->
      </class> <!-- demogit.Demo -->
    </test> <!-- Default test -->
  </suite> <!-- Default suite -->
</testng-results>
